<?xml version="1.0" encoding="UTF-8"?>
<!-- Generated by org.testng.reporters.JUnitXMLReporter -->
<testsuite hostname="DESKTOP-JCJ8HOK" ignored="0" name="Default test" tests="3" failures="0" timestamp="27 Apr 2023 01:31:06 GMT" time="1.341" errors="0">
  <testcase name="f" time="0.027" classname="excelOperation.DataManagementwithHashTable"/>
  <testcase name="f" time="0.006" classname="excelOperation.DataManagementwithHashTable"/>
  <testcase name="f" time="0.009" classname="excelOperation.DataManagementwithHashTable"/>
</testsuite> <!-- Default test -->
