<?xml version="1.0" encoding="UTF-8"?>
<!-- Generated by org.testng.reporters.JUnitXMLReporter -->
<testsuite hostname="DESKTOP-JCJ8HOK" ignored="1" name="Default test" tests="2" failures="0" timestamp="12 Apr 2023 01:11:05 GMT" time="0.144" errors="0">
  <testcase name="f" time="0.014" classname="testng.TestNG_002"/>
  <testcase name="z" time="0.003" classname="testng.TestNG_002"/>
  <testcase name="a" time="0.0" classname="testng.TestNG_002">
    <ignored/>
  </testcase> <!-- a -->
</testsuite> <!-- Default test -->
