<?xml version="1.0" encoding="UTF-8"?>
<!-- Generated by org.testng.reporters.JUnitXMLReporter -->
<testsuite hostname="DESKTOP-JCJ8HOK" ignored="3" name="Cancel Booking Test" tests="5" failures="0" timestamp="21 Apr 2023 01:39:12 GMT" time="0.068" errors="0">
  <testcase name="cancelBooking" time="0.004" classname="testcases.Booking"/>
  <testcase name="applyDiscount" time="0.002" classname="testcases.PaymentManagement"/>
  <testcase name="makePayment" time="0.008" classname="testcases.PaymentManagement"/>
  <testcase name="checkEmailVerification" time="0.001" classname="testcases.CustomerCommunication"/>
  <testcase name="checkMobileVerification" time="0.011" classname="testcases.CustomerCommunication"/>
  <testcase name="modifyBooking" time="0.0" classname="testcases.Booking">
    <ignored/>
  </testcase> <!-- modifyBooking -->
  <testcase name="newBooking" time="0.0" classname="testcases.Booking">
    <ignored/>
  </testcase> <!-- newBooking -->
  <testcase name="roomType" time="0.0" classname="testcases.Booking">
    <ignored/>
  </testcase> <!-- roomType -->
</testsuite> <!-- Cancel Booking Test -->
