<?xml version="1.0" encoding="UTF-8"?>
<!-- Generated by org.testng.reporters.JUnitXMLReporter -->
<testsuite hostname="DESKTOP-JCJ8HOK" ignored="2" name="Create New Booking Test - pay@hotel" tests="6" failures="0" timestamp="21 Apr 2023 01:50:52 GMT" time="0.171" errors="0">
  <testcase name="newBooking" time="0.028" classname="testcases.Booking"/>
  <testcase name="roomType" time="0.004" classname="testcases.Booking"/>
  <testcase name="applyDiscount" time="0.003" classname="testcases.PaymentManagement"/>
  <testcase name="makePayment" time="0.011" classname="testcases.PaymentManagement"/>
  <testcase name="checkEmailVerification" time="0.012" classname="testcases.CustomerCommunication"/>
  <testcase name="checkMobileVerification" time="0.003" classname="testcases.CustomerCommunication"/>
  <testcase name="cancelBooking" time="0.0" classname="testcases.Booking">
    <ignored/>
  </testcase> <!-- cancelBooking -->
  <testcase name="modifyBooking" time="0.0" classname="testcases.Booking">
    <ignored/>
  </testcase> <!-- modifyBooking -->
</testsuite> <!-- Create New Booking Test - pay@hotel -->
