<?xml version="1.0" encoding="UTF-8"?>
<!-- Generated by org.testng.reporters.JUnitXMLReporter -->
<testsuite hostname="DESKTOP-JCJ8HOK" ignored="3" name="Create New Booking Test - pay@online" tests="5" failures="0" timestamp="21 Apr 2023 01:50:52 GMT" time="0.053" errors="0">
  <testcase name="cancelBooking" time="0.002" classname="testcases.Booking"/>
  <testcase name="applyDiscount" time="0.008" classname="testcases.PaymentManagement"/>
  <testcase name="makePayment" time="0.002" classname="testcases.PaymentManagement"/>
  <testcase name="checkEmailVerification" time="0.003" classname="testcases.CustomerCommunication"/>
  <testcase name="checkMobileVerification" time="0.003" classname="testcases.CustomerCommunication"/>
  <testcase name="modifyBooking" time="0.0" classname="testcases.Booking">
    <ignored/>
  </testcase> <!-- modifyBooking -->
  <testcase name="newBooking" time="0.0" classname="testcases.Booking">
    <ignored/>
  </testcase> <!-- newBooking -->
  <testcase name="roomType" time="0.0" classname="testcases.Booking">
    <ignored/>
  </testcase> <!-- roomType -->
</testsuite> <!-- Create New Booking Test - pay@online -->
