<?xml version="1.0" encoding="UTF-8"?>
<!-- Generated by org.testng.reporters.JUnitXMLReporter -->
<testsuite hostname="DESKTOP-JCJ8HOK" ignored="0" name="Test" tests="4" failures="0" timestamp="18 Apr 2023 00:57:07 GMT" time="44.781" errors="0">
  <testcase name="radioButtonTest" time="1.071" classname="testng.RadioButton1"/>
  <testcase name="checkboxTest" time="0.393" classname="testng.CheckBox1"/>
  <testcase name="linktesting1" time="1.71" classname="testng.LinksTesting1"/>
  <testcase name="amazonText" time="6.414" classname="testng.TestNG_003"/>
</testsuite> <!-- Test -->
